{"/Users/nehalgajjar/Documents/PetStore-Vue/src/router.js": {"path":"/Users/nehalgajjar/Documents/PetStore-Vue/src/router.js","statementMap":{"0":{"start":{"line":5,"column":0},"end":{"line":5,"column":15}},"1":{"start":{"line":7,"column":22},"end":{"line":34,"column":1}}},"fnMap":{},"branchMap":{},"s":{"0":1,"1":1},"f":{},"b":{},"_coverageSchema":"1a1c01bbd47fc00a2c39e90264f33305004495a9","hash":"b3ac87b4481d166c87ff29e4c5b57d0fe73a5ed1"}
,"/Users/nehalgajjar/Documents/PetStore-Vue/src/components/index.js": {"path":"/Users/nehalgajjar/Documents/PetStore-Vue/src/components/index.js","statementMap":{"0":{"start":{"line":2,"column":13},"end":{"line":2,"column":44}},"1":{"start":{"line":2,"column":19},"end":{"line":2,"column":44}},"2":{"start":{"line":3,"column":15},"end":{"line":3,"column":50}},"3":{"start":{"line":3,"column":21},"end":{"line":3,"column":50}},"4":{"start":{"line":4,"column":17},"end":{"line":4,"column":56}},"5":{"start":{"line":4,"column":23},"end":{"line":4,"column":56}},"6":{"start":{"line":5,"column":19},"end":{"line":5,"column":60}},"7":{"start":{"line":5,"column":25},"end":{"line":5,"column":60}}},"fnMap":{"0":{"name":"(anonymous_0)","decl":{"start":{"line":2,"column":13},"end":{"line":2,"column":14}},"loc":{"start":{"line":2,"column":19},"end":{"line":2,"column":44}},"line":2},"1":{"name":"(anonymous_1)","decl":{"start":{"line":3,"column":15},"end":{"line":3,"column":16}},"loc":{"start":{"line":3,"column":21},"end":{"line":3,"column":50}},"line":3},"2":{"name":"(anonymous_2)","decl":{"start":{"line":4,"column":17},"end":{"line":4,"column":18}},"loc":{"start":{"line":4,"column":23},"end":{"line":4,"column":56}},"line":4},"3":{"name":"(anonymous_3)","decl":{"start":{"line":5,"column":19},"end":{"line":5,"column":20}},"loc":{"start":{"line":5,"column":25},"end":{"line":5,"column":60}},"line":5}},"branchMap":{},"s":{"0":1,"1":0,"2":1,"3":0,"4":1,"5":1,"6":1,"7":0},"f":{"0":0,"1":0,"2":1,"3":0},"b":{},"_coverageSchema":"1a1c01bbd47fc00a2c39e90264f33305004495a9","hash":"b2b01af48528733653aee5bffac46cca2030466f"}
,"/Users/nehalgajjar/Documents/PetStore-Vue/src/components/products/ProductCard.vue": {"path":"/Users/nehalgajjar/Documents/PetStore-Vue/src/components/products/ProductCard.vue","statementMap":{"0":{"start":{"line":63,"column":0},"end":{"line":63,"column":null}},"1":{"start":{"line":66,"column":0},"end":{"line":66,"column":null}}},"fnMap":{"0":{"name":"addProductToCartById","decl":{"start":{"line":62,"column":0},"end":{"line":62,"column":null}},"loc":{"start":{"line":62,"column":0},"end":{"line":64,"column":null}}},"1":{"name":"deleteProductById","decl":{"start":{"line":65,"column":0},"end":{"line":65,"column":null}},"loc":{"start":{"line":65,"column":0},"end":{"line":67,"column":null}}}},"branchMap":{},"s":{"0":1,"1":1},"f":{"0":1,"1":1},"b":{}}
,"/Users/nehalgajjar/Documents/PetStore-Vue/src/components/products/Products.vue": {"path":"/Users/nehalgajjar/Documents/PetStore-Vue/src/components/products/Products.vue","statementMap":{"0":{"start":{"line":59,"column":0},"end":{"line":59,"column":null}},"1":{"start":{"line":60,"column":0},"end":{"line":60,"column":null}}},"fnMap":{},"branchMap":{},"s":{"0":1,"1":1},"f":{},"b":{}}
,"/Users/nehalgajjar/Documents/PetStore-Vue/src/helpers/logger.js": {"path":"/Users/nehalgajjar/Documents/PetStore-Vue/src/helpers/logger.js","statementMap":{"0":{"start":{"line":3,"column":0},"end":{"line":4,"column":46}},"1":{"start":{"line":4,"column":1},"end":{"line":4,"column":46}}},"fnMap":{},"branchMap":{"0":{"loc":{"start":{"line":3,"column":0},"end":{"line":4,"column":46}},"type":"if","locations":[{"start":{"line":3,"column":0},"end":{"line":4,"column":46}},{"start":{"line":3,"column":0},"end":{"line":4,"column":46}}],"line":3}},"s":{"0":3,"1":0},"f":{},"b":{"0":[0,3]},"_coverageSchema":"1a1c01bbd47fc00a2c39e90264f33305004495a9","hash":"cad5d51a3ec51119d669b09e11d32b0bad918eca"}
,"/Users/nehalgajjar/Documents/PetStore-Vue/src/helpers/persistentStorage.js": {"path":"/Users/nehalgajjar/Documents/PetStore-Vue/src/helpers/persistentStorage.js","statementMap":{"0":{"start":{"line":11,"column":22},"end":{"line":11,"column":53}},"1":{"start":{"line":13,"column":32},"end":{"line":17,"column":1}},"2":{"start":{"line":14,"column":30},"end":{"line":14,"column":47}},"3":{"start":{"line":16,"column":2},"end":{"line":16,"column":34}},"4":{"start":{"line":19,"column":41},"end":{"line":22,"column":26}},"5":{"start":{"line":20,"column":1},"end":{"line":22,"column":26}},"6":{"start":{"line":24,"column":41},"end":{"line":36,"column":1}},"7":{"start":{"line":25,"column":1},"end":{"line":35,"column":2}},"8":{"start":{"line":26,"column":2},"end":{"line":26,"column":60}},"9":{"start":{"line":28,"column":3},"end":{"line":30,"column":10}},"10":{"start":{"line":31,"column":2},"end":{"line":31,"column":55}},"11":{"start":{"line":32,"column":2},"end":{"line":32,"column":15}},"12":{"start":{"line":34,"column":2},"end":{"line":34,"column":13}},"13":{"start":{"line":37,"column":36},"end":{"line":37,"column":67}},"14":{"start":{"line":37,"column":42},"end":{"line":37,"column":67}},"15":{"start":{"line":39,"column":38},"end":{"line":42,"column":34}},"16":{"start":{"line":40,"column":1},"end":{"line":42,"column":34}},"17":{"start":{"line":44,"column":21},"end":{"line":49,"column":1}},"18":{"start":{"line":45,"column":1},"end":{"line":47,"column":2}},"19":{"start":{"line":48,"column":1},"end":{"line":48,"column":67}},"20":{"start":{"line":51,"column":21},"end":{"line":72,"column":1}},"21":{"start":{"line":52,"column":1},"end":{"line":71,"column":2}},"22":{"start":{"line":53,"column":2},"end":{"line":63,"column":3}},"23":{"start":{"line":65,"column":2},"end":{"line":68,"column":3}},"24":{"start":{"line":70,"column":2},"end":{"line":70,"column":30}}},"fnMap":{"0":{"name":"(anonymous_0)","decl":{"start":{"line":14,"column":12},"end":{"line":14,"column":13}},"loc":{"start":{"line":14,"column":30},"end":{"line":14,"column":47}},"line":14},"1":{"name":"(anonymous_1)","decl":{"start":{"line":15,"column":10},"end":{"line":15,"column":11}},"loc":{"start":{"line":16,"column":2},"end":{"line":16,"column":34}},"line":16},"2":{"name":"(anonymous_2)","decl":{"start":{"line":19,"column":41},"end":{"line":19,"column":42}},"loc":{"start":{"line":20,"column":1},"end":{"line":22,"column":26}},"line":20},"3":{"name":"(anonymous_3)","decl":{"start":{"line":24,"column":41},"end":{"line":24,"column":42}},"loc":{"start":{"line":24,"column":47},"end":{"line":36,"column":1}},"line":24},"4":{"name":"(anonymous_4)","decl":{"start":{"line":37,"column":36},"end":{"line":37,"column":37}},"loc":{"start":{"line":37,"column":42},"end":{"line":37,"column":67}},"line":37},"5":{"name":"(anonymous_5)","decl":{"start":{"line":39,"column":38},"end":{"line":39,"column":39}},"loc":{"start":{"line":40,"column":1},"end":{"line":42,"column":34}},"line":40},"6":{"name":"(anonymous_6)","decl":{"start":{"line":44,"column":21},"end":{"line":44,"column":22}},"loc":{"start":{"line":44,"column":28},"end":{"line":49,"column":1}},"line":44},"7":{"name":"(anonymous_7)","decl":{"start":{"line":51,"column":21},"end":{"line":51,"column":22}},"loc":{"start":{"line":51,"column":45},"end":{"line":72,"column":1}},"line":51}},"branchMap":{"0":{"loc":{"start":{"line":14,"column":13},"end":{"line":14,"column":25}},"type":"default-arg","locations":[{"start":{"line":14,"column":19},"end":{"line":14,"column":25}}],"line":14},"1":{"loc":{"start":{"line":15,"column":18},"end":{"line":15,"column":30}},"type":"default-arg","locations":[{"start":{"line":15,"column":24},"end":{"line":15,"column":30}}],"line":15},"2":{"loc":{"start":{"line":15,"column":32},"end":{"line":15,"column":67}},"type":"default-arg","locations":[{"start":{"line":15,"column":41},"end":{"line":15,"column":67}}],"line":15},"3":{"loc":{"start":{"line":20,"column":1},"end":{"line":22,"column":26}},"type":"binary-expr","locations":[{"start":{"line":20,"column":1},"end":{"line":20,"column":29}},{"start":{"line":21,"column":1},"end":{"line":21,"column":24}},{"start":{"line":22,"column":1},"end":{"line":22,"column":26}}],"line":20},"4":{"loc":{"start":{"line":28,"column":3},"end":{"line":30,"column":10}},"type":"cond-expr","locations":[{"start":{"line":29,"column":6},"end":{"line":29,"column":11}},{"start":{"line":30,"column":6},"end":{"line":30,"column":10}}],"line":28},"5":{"loc":{"start":{"line":57,"column":12},"end":{"line":61,"column":11}},"type":"cond-expr","locations":[{"start":{"line":58,"column":7},"end":{"line":60,"column":14}},{"start":{"line":61,"column":7},"end":{"line":61,"column":11}}],"line":57},"6":{"loc":{"start":{"line":67,"column":3},"end":{"line":67,"column":60}},"type":"cond-expr","locations":[{"start":{"line":67,"column":34},"end":{"line":67,"column":45}},{"start":{"line":67,"column":48},"end":{"line":67,"column":60}}],"line":67}},"s":{"0":3,"1":3,"2":0,"3":0,"4":3,"5":0,"6":3,"7":0,"8":0,"9":0,"10":0,"11":0,"12":0,"13":3,"14":0,"15":3,"16":0,"17":3,"18":0,"19":0,"20":3,"21":0,"22":0,"23":0,"24":0},"f":{"0":0,"1":0,"2":0,"3":0,"4":0,"5":0,"6":0,"7":0},"b":{"0":[0],"1":[0],"2":[0],"3":[0,0,0],"4":[0,0],"5":[0,0],"6":[0,0]},"_coverageSchema":"1a1c01bbd47fc00a2c39e90264f33305004495a9","hash":"a18f8a740d3be37926617a3df4e0875627f402e5"}
,"/Users/nehalgajjar/Documents/PetStore-Vue/src/store/api.js": {"path":"/Users/nehalgajjar/Documents/PetStore-Vue/src/store/api.js","statementMap":{"0":{"start":{"line":8,"column":21},"end":{"line":11,"column":1}},"1":{"start":{"line":15,"column":2},"end":{"line":26,"column":3}},"2":{"start":{"line":16,"column":20},"end":{"line":21,"column":5}},"3":{"start":{"line":22,"column":3},"end":{"line":22,"column":23}},"4":{"start":{"line":24,"column":3},"end":{"line":24,"column":33}},"5":{"start":{"line":29,"column":2},"end":{"line":39,"column":3}},"6":{"start":{"line":30,"column":20},"end":{"line":34,"column":5}},"7":{"start":{"line":35,"column":3},"end":{"line":35,"column":23}},"8":{"start":{"line":37,"column":3},"end":{"line":37,"column":33}},"9":{"start":{"line":42,"column":2},"end":{"line":52,"column":3}},"10":{"start":{"line":43,"column":20},"end":{"line":47,"column":5}},"11":{"start":{"line":48,"column":3},"end":{"line":48,"column":14}},"12":{"start":{"line":50,"column":3},"end":{"line":50,"column":33}}},"fnMap":{"0":{"name":"(anonymous_0)","decl":{"start":{"line":14,"column":1},"end":{"line":14,"column":2}},"loc":{"start":{"line":14,"column":23},"end":{"line":27,"column":2}},"line":14},"1":{"name":"(anonymous_1)","decl":{"start":{"line":28,"column":1},"end":{"line":28,"column":2}},"loc":{"start":{"line":28,"column":16},"end":{"line":40,"column":2}},"line":28},"2":{"name":"(anonymous_2)","decl":{"start":{"line":41,"column":1},"end":{"line":41,"column":2}},"loc":{"start":{"line":41,"column":23},"end":{"line":53,"column":2}},"line":41}},"branchMap":{},"s":{"0":3,"1":4,"2":4,"3":3,"4":1,"5":5,"6":5,"7":4,"8":1,"9":4,"10":4,"11":3,"12":1},"f":{"0":4,"1":5,"2":4},"b":{},"_coverageSchema":"1a1c01bbd47fc00a2c39e90264f33305004495a9","hash":"35cd376343323ede392e6a01410ca05aeffdfdd1"}
,"/Users/nehalgajjar/Documents/PetStore-Vue/src/store/store.js": {"path":"/Users/nehalgajjar/Documents/PetStore-Vue/src/store/store.js","statementMap":{"0":{"start":{"line":8,"column":0},"end":{"line":8,"column":13}},"1":{"start":{"line":10,"column":24},"end":{"line":10,"column":46}}},"fnMap":{},"branchMap":{},"s":{"0":3,"1":3},"f":{},"b":{},"_coverageSchema":"1a1c01bbd47fc00a2c39e90264f33305004495a9","hash":"1a3adbdd21cad5e99f08f1de896f3f75846139a3"}
,"/Users/nehalgajjar/Documents/PetStore-Vue/src/store/modules/cart.js": {"path":"/Users/nehalgajjar/Documents/PetStore-Vue/src/store/modules/cart.js","statementMap":{"0":{"start":{"line":12,"column":12},"end":{"line":12,"column":19}},"1":{"start":{"line":22,"column":24},"end":{"line":22,"column":34}},"2":{"start":{"line":23,"column":22},"end":{"line":23,"column":37}},"3":{"start":{"line":24,"column":22},"end":{"line":24,"column":37}},"4":{"start":{"line":26,"column":3},"end":{"line":26,"column":43}},"5":{"start":{"line":28,"column":3},"end":{"line":28,"column":49}},"6":{"start":{"line":32,"column":3},"end":{"line":32,"column":25}},"7":{"start":{"line":35,"column":3},"end":{"line":35,"column":23}},"8":{"start":{"line":38,"column":3},"end":{"line":38,"column":56}},"9":{"start":{"line":42,"column":3},"end":{"line":42,"column":23}},"10":{"start":{"line":46,"column":3},"end":{"line":46,"column":23}},"11":{"start":{"line":49,"column":26},"end":{"line":49,"column":54}},"12":{"start":{"line":51,"column":3},"end":{"line":51,"column":38}},"13":{"start":{"line":51,"column":32},"end":{"line":51,"column":38}},"14":{"start":{"line":53,"column":3},"end":{"line":53,"column":30}},"15":{"start":{"line":54,"column":3},"end":{"line":54,"column":30}},"16":{"start":{"line":59,"column":3},"end":{"line":61,"column":10}},"17":{"start":{"line":64,"column":3},"end":{"line":77,"column":4}},"18":{"start":{"line":65,"column":22},"end":{"line":65,"column":37}},"19":{"start":{"line":67,"column":4},"end":{"line":67,"column":43}},"20":{"start":{"line":70,"column":4},"end":{"line":76,"column":6}},"21":{"start":{"line":70,"column":41},"end":{"line":70,"column":47}},"22":{"start":{"line":72,"column":5},"end":{"line":76,"column":6}},"23":{"start":{"line":79,"column":3},"end":{"line":79,"column":29}},"24":{"start":{"line":81,"column":3},"end":{"line":90,"column":6}},"25":{"start":{"line":83,"column":5},"end":{"line":83,"column":31}},"26":{"start":{"line":84,"column":5},"end":{"line":84,"column":35}},"27":{"start":{"line":85,"column":5},"end":{"line":86,"column":54}},"28":{"start":{"line":86,"column":6},"end":{"line":86,"column":54}},"29":{"start":{"line":89,"column":5},"end":{"line":89,"column":32}},"30":{"start":{"line":94,"column":3},"end":{"line":98,"column":5}},"31":{"start":{"line":95,"column":4},"end":{"line":95,"column":36}},"32":{"start":{"line":96,"column":4},"end":{"line":96,"column":34}},"33":{"start":{"line":97,"column":4},"end":{"line":97,"column":52}},"34":{"start":{"line":101,"column":3},"end":{"line":105,"column":5}},"35":{"start":{"line":102,"column":4},"end":{"line":102,"column":41}},"36":{"start":{"line":103,"column":4},"end":{"line":103,"column":34}},"37":{"start":{"line":104,"column":4},"end":{"line":104,"column":52}}},"fnMap":{"0":{"name":"(anonymous_0)","decl":{"start":{"line":22,"column":15},"end":{"line":22,"column":16}},"loc":{"start":{"line":22,"column":24},"end":{"line":22,"column":34}},"line":22},"1":{"name":"(anonymous_1)","decl":{"start":{"line":23,"column":13},"end":{"line":23,"column":14}},"loc":{"start":{"line":23,"column":22},"end":{"line":23,"column":37}},"line":23},"2":{"name":"(anonymous_2)","decl":{"start":{"line":24,"column":13},"end":{"line":24,"column":14}},"loc":{"start":{"line":24,"column":22},"end":{"line":24,"column":37}},"line":24},"3":{"name":"(anonymous_3)","decl":{"start":{"line":25,"column":19},"end":{"line":25,"column":20}},"loc":{"start":{"line":26,"column":3},"end":{"line":26,"column":43}},"line":26},"4":{"name":"(anonymous_4)","decl":{"start":{"line":27,"column":15},"end":{"line":27,"column":16}},"loc":{"start":{"line":28,"column":3},"end":{"line":28,"column":49}},"line":28},"5":{"name":"(anonymous_5)","decl":{"start":{"line":31,"column":14},"end":{"line":31,"column":15}},"loc":{"start":{"line":31,"column":31},"end":{"line":33,"column":3}},"line":31},"6":{"name":"(anonymous_6)","decl":{"start":{"line":34,"column":11},"end":{"line":34,"column":12}},"loc":{"start":{"line":34,"column":31},"end":{"line":36,"column":3}},"line":34},"7":{"name":"(anonymous_7)","decl":{"start":{"line":37,"column":24},"end":{"line":37,"column":25}},"loc":{"start":{"line":37,"column":60},"end":{"line":39,"column":3}},"line":37},"8":{"name":"(anonymous_8)","decl":{"start":{"line":40,"column":17},"end":{"line":40,"column":18}},"loc":{"start":{"line":40,"column":37},"end":{"line":43,"column":3}},"line":40},"9":{"name":"(anonymous_9)","decl":{"start":{"line":44,"column":22},"end":{"line":44,"column":23}},"loc":{"start":{"line":44,"column":42},"end":{"line":47,"column":3}},"line":44},"10":{"name":"(anonymous_10)","decl":{"start":{"line":48,"column":2},"end":{"line":48,"column":3}},"loc":{"start":{"line":48,"column":39},"end":{"line":55,"column":3}},"line":48},"11":{"name":"(anonymous_11)","decl":{"start":{"line":58,"column":40},"end":{"line":58,"column":41}},"loc":{"start":{"line":59,"column":3},"end":{"line":61,"column":10}},"line":59},"12":{"name":"(anonymous_12)","decl":{"start":{"line":63,"column":21},"end":{"line":63,"column":22}},"loc":{"start":{"line":63,"column":56},"end":{"line":91,"column":3}},"line":63},"13":{"name":"(anonymous_13)","decl":{"start":{"line":82,"column":10},"end":{"line":82,"column":11}},"loc":{"start":{"line":82,"column":21},"end":{"line":87,"column":5}},"line":82},"14":{"name":"(anonymous_14)","decl":{"start":{"line":88,"column":13},"end":{"line":88,"column":14}},"loc":{"start":{"line":88,"column":19},"end":{"line":90,"column":5}},"line":88},"15":{"name":"(anonymous_15)","decl":{"start":{"line":93,"column":17},"end":{"line":93,"column":18}},"loc":{"start":{"line":94,"column":3},"end":{"line":98,"column":5}},"line":94},"16":{"name":"(anonymous_16)","decl":{"start":{"line":94,"column":30},"end":{"line":94,"column":31}},"loc":{"start":{"line":94,"column":41},"end":{"line":98,"column":4}},"line":94},"17":{"name":"(anonymous_17)","decl":{"start":{"line":100,"column":22},"end":{"line":100,"column":23}},"loc":{"start":{"line":101,"column":3},"end":{"line":105,"column":5}},"line":101},"18":{"name":"(anonymous_18)","decl":{"start":{"line":101,"column":29},"end":{"line":101,"column":30}},"loc":{"start":{"line":101,"column":40},"end":{"line":105,"column":4}},"line":101}},"branchMap":{"0":{"loc":{"start":{"line":37,"column":32},"end":{"line":37,"column":55}},"type":"default-arg","locations":[{"start":{"line":37,"column":51},"end":{"line":37,"column":55}}],"line":37},"1":{"loc":{"start":{"line":38,"column":21},"end":{"line":38,"column":56}},"type":"binary-expr","locations":[{"start":{"line":38,"column":21},"end":{"line":38,"column":37}},{"start":{"line":38,"column":41},"end":{"line":38,"column":56}}],"line":38},"2":{"loc":{"start":{"line":51,"column":3},"end":{"line":51,"column":38}},"type":"if","locations":[{"start":{"line":51,"column":3},"end":{"line":51,"column":38}},{"start":{"line":51,"column":3},"end":{"line":51,"column":38}}],"line":51},"3":{"loc":{"start":{"line":59,"column":3},"end":{"line":61,"column":10}},"type":"cond-expr","locations":[{"start":{"line":60,"column":6},"end":{"line":60,"column":51}},{"start":{"line":61,"column":6},"end":{"line":61,"column":10}}],"line":59},"4":{"loc":{"start":{"line":64,"column":3},"end":{"line":77,"column":4}},"type":"if","locations":[{"start":{"line":64,"column":3},"end":{"line":77,"column":4}},{"start":{"line":64,"column":3},"end":{"line":77,"column":4}}],"line":64},"5":{"loc":{"start":{"line":70,"column":4},"end":{"line":76,"column":6}},"type":"if","locations":[{"start":{"line":70,"column":4},"end":{"line":76,"column":6}},{"start":{"line":70,"column":4},"end":{"line":76,"column":6}}],"line":70},"6":{"loc":{"start":{"line":85,"column":5},"end":{"line":86,"column":54}},"type":"if","locations":[{"start":{"line":85,"column":5},"end":{"line":86,"column":54}},{"start":{"line":85,"column":5},"end":{"line":86,"column":54}}],"line":85}},"s":{"0":3,"1":0,"2":0,"3":0,"4":0,"5":0,"6":0,"7":0,"8":0,"9":0,"10":0,"11":0,"12":0,"13":0,"14":0,"15":0,"16":0,"17":0,"18":0,"19":0,"20":0,"21":0,"22":0,"23":0,"24":0,"25":0,"26":0,"27":0,"28":0,"29":0,"30":0,"31":0,"32":0,"33":0,"34":0,"35":0,"36":0,"37":0},"f":{"0":0,"1":0,"2":0,"3":0,"4":0,"5":0,"6":0,"7":0,"8":0,"9":0,"10":0,"11":0,"12":0,"13":0,"14":0,"15":0,"16":0,"17":0,"18":0},"b":{"0":[0],"1":[0,0],"2":[0,0],"3":[0,0],"4":[0,0],"5":[0,0],"6":[0,0]},"_coverageSchema":"1a1c01bbd47fc00a2c39e90264f33305004495a9","hash":"553ce95774304420357a12781e5a7eb3e6739f5b"}
,"/Users/nehalgajjar/Documents/PetStore-Vue/src/store/modules/products.js": {"path":"/Users/nehalgajjar/Documents/PetStore-Vue/src/store/modules/products.js","statementMap":{"0":{"start":{"line":6,"column":12},"end":{"line":6,"column":23}},"1":{"start":{"line":16,"column":21},"end":{"line":16,"column":31}},"2":{"start":{"line":17,"column":22},"end":{"line":17,"column":37}},"3":{"start":{"line":18,"column":22},"end":{"line":18,"column":37}},"4":{"start":{"line":19,"column":32},"end":{"line":19,"column":67}},"5":{"start":{"line":23,"column":3},"end":{"line":23,"column":25}},"6":{"start":{"line":26,"column":3},"end":{"line":26,"column":23}},"7":{"start":{"line":29,"column":3},"end":{"line":29,"column":36}},"8":{"start":{"line":33,"column":3},"end":{"line":33,"column":23}},"9":{"start":{"line":37,"column":3},"end":{"line":37,"column":23}},"10":{"start":{"line":42,"column":3},"end":{"line":42,"column":29}},"11":{"start":{"line":43,"column":3},"end":{"line":50,"column":6}},"12":{"start":{"line":45,"column":5},"end":{"line":45,"column":35}},"13":{"start":{"line":46,"column":5},"end":{"line":46,"column":35}},"14":{"start":{"line":49,"column":5},"end":{"line":49,"column":32}},"15":{"start":{"line":53,"column":3},"end":{"line":56,"column":5}},"16":{"start":{"line":54,"column":4},"end":{"line":54,"column":41}},"17":{"start":{"line":55,"column":4},"end":{"line":55,"column":42}},"18":{"start":{"line":58,"column":3},"end":{"line":61,"column":5}},"19":{"start":{"line":59,"column":4},"end":{"line":59,"column":44}},"20":{"start":{"line":60,"column":4},"end":{"line":60,"column":42}}},"fnMap":{"0":{"name":"(anonymous_0)","decl":{"start":{"line":16,"column":12},"end":{"line":16,"column":13}},"loc":{"start":{"line":16,"column":21},"end":{"line":16,"column":31}},"line":16},"1":{"name":"(anonymous_1)","decl":{"start":{"line":17,"column":13},"end":{"line":17,"column":14}},"loc":{"start":{"line":17,"column":22},"end":{"line":17,"column":37}},"line":17},"2":{"name":"(anonymous_2)","decl":{"start":{"line":18,"column":13},"end":{"line":18,"column":14}},"loc":{"start":{"line":18,"column":22},"end":{"line":18,"column":37}},"line":18},"3":{"name":"(anonymous_3)","decl":{"start":{"line":19,"column":23},"end":{"line":19,"column":24}},"loc":{"start":{"line":19,"column":32},"end":{"line":19,"column":67}},"line":19},"4":{"name":"(anonymous_4)","decl":{"start":{"line":22,"column":14},"end":{"line":22,"column":15}},"loc":{"start":{"line":22,"column":31},"end":{"line":24,"column":3}},"line":22},"5":{"name":"(anonymous_5)","decl":{"start":{"line":25,"column":15},"end":{"line":25,"column":16}},"loc":{"start":{"line":25,"column":35},"end":{"line":27,"column":3}},"line":25},"6":{"name":"(anonymous_6)","decl":{"start":{"line":28,"column":24},"end":{"line":28,"column":25}},"loc":{"start":{"line":28,"column":33},"end":{"line":30,"column":3}},"line":28},"7":{"name":"(anonymous_7)","decl":{"start":{"line":31,"column":14},"end":{"line":31,"column":15}},"loc":{"start":{"line":31,"column":34},"end":{"line":34,"column":3}},"line":31},"8":{"name":"(anonymous_8)","decl":{"start":{"line":35,"column":17},"end":{"line":35,"column":18}},"loc":{"start":{"line":35,"column":37},"end":{"line":38,"column":3}},"line":35},"9":{"name":"(anonymous_9)","decl":{"start":{"line":41,"column":2},"end":{"line":41,"column":3}},"loc":{"start":{"line":41,"column":28},"end":{"line":51,"column":3}},"line":41},"10":{"name":"(anonymous_10)","decl":{"start":{"line":44,"column":10},"end":{"line":44,"column":11}},"loc":{"start":{"line":44,"column":21},"end":{"line":47,"column":5}},"line":44},"11":{"name":"(anonymous_11)","decl":{"start":{"line":48,"column":13},"end":{"line":48,"column":14}},"loc":{"start":{"line":48,"column":19},"end":{"line":50,"column":5}},"line":48},"12":{"name":"(anonymous_12)","decl":{"start":{"line":52,"column":17},"end":{"line":52,"column":18}},"loc":{"start":{"line":53,"column":3},"end":{"line":56,"column":5}},"line":53},"13":{"name":"(anonymous_13)","decl":{"start":{"line":53,"column":46},"end":{"line":53,"column":47}},"loc":{"start":{"line":53,"column":57},"end":{"line":56,"column":4}},"line":53},"14":{"name":"(anonymous_14)","decl":{"start":{"line":57,"column":21},"end":{"line":57,"column":22}},"loc":{"start":{"line":58,"column":3},"end":{"line":61,"column":5}},"line":58},"15":{"name":"(anonymous_15)","decl":{"start":{"line":58,"column":28},"end":{"line":58,"column":29}},"loc":{"start":{"line":58,"column":39},"end":{"line":61,"column":4}},"line":58}},"branchMap":{},"s":{"0":3,"1":13,"2":17,"3":2,"4":16,"5":5,"6":3,"7":7,"8":3,"9":3,"10":5,"11":5,"12":5,"13":5,"14":5,"15":4,"16":4,"17":4,"18":4,"19":4,"20":4},"f":{"0":13,"1":17,"2":2,"3":16,"4":5,"5":3,"6":7,"7":3,"8":3,"9":5,"10":5,"11":5,"12":4,"13":4,"14":4,"15":4},"b":{},"_coverageSchema":"1a1c01bbd47fc00a2c39e90264f33305004495a9","hash":"8e357ed716c18bd183a7d479af802107eddd5b7c"}
}
